c:\users\scorpion\desktop\fmi\programare orientata obiect\laboratoare\laborator 6-7\laborator7 - repositoryfileinherited\laborator6\debug\vc142.pdb
c:\users\scorpion\desktop\fmi\programare orientata obiect\laboratoare\laborator 6-7\laborator7 - repositoryfileinherited\laborator6\debug\vc142.idb
c:\users\scorpion\desktop\fmi\programare orientata obiect\laboratoare\laborator 6-7\laborator7 - repositoryfileinherited\laborator6\debug\testservice.obj
c:\users\scorpion\desktop\fmi\programare orientata obiect\laboratoare\laborator 6-7\laborator7 - repositoryfileinherited\laborator6\debug\userinterface.obj
c:\users\scorpion\desktop\fmi\programare orientata obiect\laboratoare\laborator 6-7\laborator7 - repositoryfileinherited\laborator6\debug\testrepositoryfile.obj
c:\users\scorpion\desktop\fmi\programare orientata obiect\laboratoare\laborator 6-7\laborator7 - repositoryfileinherited\laborator6\debug\service.obj
c:\users\scorpion\desktop\fmi\programare orientata obiect\laboratoare\laborator 6-7\laborator7 - repositoryfileinherited\laborator6\debug\main.obj
c:\users\scorpion\desktop\fmi\programare orientata obiect\laboratoare\laborator 6-7\laborator7 - repositoryfileinherited\laborator6\debug\testdomain.obj
c:\users\scorpion\desktop\fmi\programare orientata obiect\laboratoare\laborator 6-7\laborator7 - repositoryfileinherited\laborator6\debug\testrepository.obj
c:\users\scorpion\desktop\fmi\programare orientata obiect\laboratoare\laborator 6-7\laborator7 - repositoryfileinherited\laborator6\debug\applications.obj
c:\users\scorpion\desktop\fmi\programare orientata obiect\laboratoare\laborator 6-7\laborator7 - repositoryfileinherited\laborator6\debug\domain.obj
c:\users\scorpion\desktop\fmi\programare orientata obiect\laboratoare\laborator 6-7\laborator7 - polimorfismrepositoryfile\laborator6\debug\vc142.pdb
c:\users\scorpion\desktop\fmi\programare orientata obiect\laboratoare\laborator 6-7\laborator7 - polimorfismrepositoryfile\laborator6\debug\vc142.idb
c:\users\scorpion\desktop\fmi\programare orientata obiect\laboratoare\laborator 6-7\laborator7 - polimorfismrepositoryfile\laborator6\debug\testproduct.obj
c:\users\scorpion\desktop\fmi\programare orientata obiect\laboratoare\laborator 6-7\laborator7 - polimorfismrepositoryfile\laborator6\debug\testrepository.obj
c:\users\scorpion\desktop\fmi\programare orientata obiect\laboratoare\laborator 6-7\laborator7 - polimorfismrepositoryfile\laborator6\debug\repositoryfile.obj
c:\users\scorpion\desktop\fmi\programare orientata obiect\laboratoare\laborator 6-7\laborator7 - polimorfismrepositoryfile\laborator6\debug\repository.obj
c:\users\scorpion\desktop\fmi\programare orientata obiect\laboratoare\laborator 6-7\laborator7 - polimorfismrepositoryfile\laborator6\debug\product.obj
c:\users\scorpion\desktop\fmi\programare orientata obiect\laboratoare\laborator 6-7\laborator7 - polimorfismrepositoryfile\laborator6\debug\testservice.obj
c:\users\scorpion\desktop\fmi\programare orientata obiect\laboratoare\laborator 6-7\laborator7 - polimorfismrepositoryfile\laborator6\debug\userinterface.obj
c:\users\scorpion\desktop\fmi\programare orientata obiect\laboratoare\laborator 6-7\laborator7 - polimorfismrepositoryfile\laborator6\debug\applications.obj
c:\users\scorpion\desktop\fmi\programare orientata obiect\laboratoare\laborator 6-7\laborator7 - polimorfismrepositoryfile\laborator6\debug\testrepositoryfile.obj
c:\users\scorpion\desktop\fmi\programare orientata obiect\laboratoare\laborator 6-7\laborator7 - polimorfismrepositoryfile\laborator6\debug\service.obj
e:\faculty\undergraduate\fmi\2019-2020\domeniul matematică\semestrul 2\informatică\programare orientată obiect\laboratoare\laborator 6-7\laborator7 - polimorfismrepositoryfile\laborator6\debug\vc143.pdb
e:\faculty\undergraduate\fmi\2019-2020\domeniul matematică\semestrul 2\informatică\programare orientată obiect\laboratoare\laborator 6-7\laborator7 - polimorfismrepositoryfile\laborator6\debug\vc143.idb
e:\faculty\undergraduate\fmi\2019-2020\domeniul matematică\semestrul 2\informatică\programare orientată obiect\laboratoare\laborator 6-7\laborator7 - polimorfismrepositoryfile\laborator6\debug\testproduct.obj
e:\faculty\undergraduate\fmi\2019-2020\domeniul matematică\semestrul 2\informatică\programare orientată obiect\laboratoare\laborator 6-7\laborator7 - polimorfismrepositoryfile\laborator6\debug\testservice.obj
e:\faculty\undergraduate\fmi\2019-2020\domeniul matematică\semestrul 2\informatică\programare orientată obiect\laboratoare\laborator 6-7\laborator7 - polimorfismrepositoryfile\laborator6\debug\userinterface.obj
e:\faculty\undergraduate\fmi\2019-2020\domeniul matematică\semestrul 2\informatică\programare orientată obiect\laboratoare\laborator 6-7\laborator7 - polimorfismrepositoryfile\laborator6\debug\testrepository.obj
e:\faculty\undergraduate\fmi\2019-2020\domeniul matematică\semestrul 2\informatică\programare orientată obiect\laboratoare\laborator 6-7\laborator7 - polimorfismrepositoryfile\laborator6\debug\testrepositoryfile.obj
e:\faculty\undergraduate\fmi\2019-2020\domeniul matematică\semestrul 2\informatică\programare orientată obiect\laboratoare\laborator 6-7\laborator7 - polimorfismrepositoryfile\laborator6\debug\repositoryfile.obj
e:\faculty\undergraduate\fmi\2019-2020\domeniul matematică\semestrul 2\informatică\programare orientată obiect\laboratoare\laborator 6-7\laborator7 - polimorfismrepositoryfile\laborator6\debug\service.obj
e:\faculty\undergraduate\fmi\2019-2020\domeniul matematică\semestrul 2\informatică\programare orientată obiect\laboratoare\laborator 6-7\laborator7 - polimorfismrepositoryfile\laborator6\debug\repository.obj
e:\faculty\undergraduate\fmi\2019-2020\domeniul matematică\semestrul 2\informatică\programare orientată obiect\laboratoare\laborator 6-7\laborator7 - polimorfismrepositoryfile\laborator6\debug\applications.obj
e:\faculty\undergraduate\fmi\2019-2020\domeniul matematică\semestrul 2\informatică\programare orientată obiect\laboratoare\laborator 6-7\laborator7 - polimorfismrepositoryfile\laborator6\debug\product.obj
c:\users\scorpion\desktop\fmi\programare orientata obiect\laboratoare\laborator 6-7\laborator7 - repositoryfileinherited\debug\laborator6.exe
c:\users\scorpion\desktop\fmi\programare orientata obiect\laboratoare\laborator 6-7\laborator7 - repositoryfileinherited\debug\laborator6.ilk
c:\users\scorpion\desktop\fmi\programare orientata obiect\laboratoare\laborator 6-7\laborator7 - repositoryfileinherited\debug\laborator6.pdb
c:\users\scorpion\desktop\fmi\programare orientata obiect\laboratoare\laborator 6-7\laborator7 - polimorfismrepositoryfile\debug\laborator6.exe
c:\users\scorpion\desktop\fmi\programare orientata obiect\laboratoare\laborator 6-7\laborator7 - polimorfismrepositoryfile\debug\laborator6.ilk
c:\users\scorpion\desktop\fmi\programare orientata obiect\laboratoare\laborator 6-7\laborator7 - polimorfismrepositoryfile\debug\laborator6.pdb
e:\faculty\undergraduate\fmi\2019-2020\domeniul matematică\semestrul 2\informatică\programare orientată obiect\laboratoare\laborator 6-7\laborator7 - polimorfismrepositoryfile\laborator6\debug\laborator6.ilk
e:\faculty\undergraduate\fmi\2019-2020\domeniul matematică\semestrul 2\informatică\programare orientată obiect\laboratoare\laborator 6-7\laborator7 - polimorfismrepositoryfile\debug\laborator6.exe
e:\faculty\undergraduate\fmi\2019-2020\domeniul matematică\semestrul 2\informatică\programare orientată obiect\laboratoare\laborator 6-7\laborator7 - polimorfismrepositoryfile\debug\laborator6.pdb
e:\faculty\undergraduate\fmi\2019-2020\domeniul matematică\semestrul 2\informatică\programare orientată obiect\laboratoare\laborator 6-7\laborator7 - polimorfismrepositoryfile\laborator6\debug\domain.obj
e:\faculty\undergraduate\fmi\2019-2020\domeniul matematică\semestrul 2\informatică\programare orientată obiect\laboratoare\laborator 6-7\laborator7 - polimorfismrepositoryfile\laborator6\debug\main.obj
e:\faculty\undergraduate\fmi\2019-2020\domeniul matematică\semestrul 2\informatică\programare orientată obiect\laboratoare\laborator 6-7\laborator7 - polimorfismrepositoryfile\laborator6\debug\testdomain.obj
e:\faculty\undergraduate\fmi\2019-2020\domeniul matematică\semestrul 2\informatică\programare orientată obiect\laboratoare\laborator 6-7\laborator7 - polimorfismrepositoryfile\laborator6\debug\vc142.idb
e:\faculty\undergraduate\fmi\2019-2020\domeniul matematică\semestrul 2\informatică\programare orientată obiect\laboratoare\laborator 6-7\laborator7 - polimorfismrepositoryfile\laborator6\debug\vc142.pdb
e:\faculty\undergraduate\fmi\2019-2020\domeniul matematică\semestrul 2\informatică\programare orientată obiect\laboratoare\laborator 6-7\laborator7 - polimorfismrepositoryfile\debug\laborator6.ilk
e:\faculty\undergraduate\fmi\2019-2020\domeniul matematică\semestrul 2\informatică\programare orientată obiect\laboratoare\laborator 6-7\laborator7 - polimorfismrepositoryfile\laborator6\debug\laborator6.tlog\cl.command.1.tlog
e:\faculty\undergraduate\fmi\2019-2020\domeniul matematică\semestrul 2\informatică\programare orientată obiect\laboratoare\laborator 6-7\laborator7 - polimorfismrepositoryfile\laborator6\debug\laborator6.tlog\cl.read.1.tlog
e:\faculty\undergraduate\fmi\2019-2020\domeniul matematică\semestrul 2\informatică\programare orientată obiect\laboratoare\laborator 6-7\laborator7 - polimorfismrepositoryfile\laborator6\debug\laborator6.tlog\cl.write.1.tlog
e:\faculty\undergraduate\fmi\2019-2020\domeniul matematică\semestrul 2\informatică\programare orientată obiect\laboratoare\laborator 6-7\laborator7 - polimorfismrepositoryfile\laborator6\debug\laborator6.tlog\link.command.1.tlog
e:\faculty\undergraduate\fmi\2019-2020\domeniul matematică\semestrul 2\informatică\programare orientată obiect\laboratoare\laborator 6-7\laborator7 - polimorfismrepositoryfile\laborator6\debug\laborator6.tlog\link.read.1.tlog
e:\faculty\undergraduate\fmi\2019-2020\domeniul matematică\semestrul 2\informatică\programare orientată obiect\laboratoare\laborator 6-7\laborator7 - polimorfismrepositoryfile\laborator6\debug\laborator6.tlog\link.write.1.tlog
e:\faculty\undergraduate\fmi\2019-2020\domeniul matematică\semestrul 2\informatică\programare orientată obiect\laboratoare\laborator 6-7\laborator7 - polimorfismrepositoryfile\laborator6\debug\laborator6.tlog\cl.items.tlog
